status file for recon-all
Sat Jan 27 01:17:40 UTC 2018
#@# MotionCor Sat Jan 27 01:17:46 UTC 2018
#@# Talairach Sat Jan 27 01:18:04 UTC 2018
#@# Talairach Failure Detection Sat Jan 27 01:21:03 UTC 2018
#@# Nu Intensity Correction Sat Jan 27 01:21:03 UTC 2018
#@# Intensity Normalization Sat Jan 27 01:24:40 UTC 2018
#@# Skull Stripping Sat Jan 27 01:28:25 UTC 2018
#@# EM Registration Sat Jan 27 02:06:21 UTC 2018
#@# CA Normalize Sat Jan 27 02:35:58 UTC 2018
#@# CA Reg Sat Jan 27 02:38:43 UTC 2018
#@# SubCort Seg Sat Jan 27 06:50:06 UTC 2018
#@# Merge ASeg Sat Jan 27 08:44:05 UTC 2018
#@# Intensity Normalization2 Sat Jan 27 08:44:05 UTC 2018
#@# Mask BFS Sat Jan 27 08:50:49 UTC 2018
#@# WM Segmentation Sat Jan 27 08:50:52 UTC 2018
#@# Fill Sat Jan 27 08:54:38 UTC 2018
#@# Tessellate lh Sat Jan 27 08:56:06 UTC 2018
#@# Tessellate rh Sat Jan 27 08:56:18 UTC 2018
#@# Smooth1 lh Sat Jan 27 08:56:30 UTC 2018
#@# Smooth1 rh Sat Jan 27 08:56:40 UTC 2018
#@# Inflation1 lh Sat Jan 27 08:56:49 UTC 2018
#@# Inflation1 rh Sat Jan 27 08:57:51 UTC 2018
#@# QSphere lh Sat Jan 27 08:58:50 UTC 2018
#@# QSphere rh Sat Jan 27 09:05:33 UTC 2018
#@# Fix Topology Copy lh Sat Jan 27 09:12:14 UTC 2018
#@# Fix Topology Copy rh Sat Jan 27 09:12:14 UTC 2018
#@# Fix Topology lh Sat Jan 27 09:12:14 UTC 2018
#@# Fix Topology rh Fri Feb  2 07:17:26 UTC 2018
#@# Make White Surf lh Fri Feb  2 11:06:57 UTC 2018
#@# Make White Surf rh Fri Feb  2 11:17:08 UTC 2018
#@# Smooth2 lh Fri Feb  2 11:27:49 UTC 2018
#@# Smooth2 rh Fri Feb  2 11:28:01 UTC 2018
#@# Inflation2 lh Fri Feb  2 11:28:13 UTC 2018
#@# Inflation2 rh Fri Feb  2 11:29:19 UTC 2018
#@# Curv .H and .K lh Fri Feb  2 11:30:27 UTC 2018
#@# Curv .H and .K rh Fri Feb  2 11:33:21 UTC 2018
#@# Curvature Stats lh Fri Feb  2 11:36:16 UTC 2018
#@# Curvature Stats rh Fri Feb  2 11:36:24 UTC 2018
#@# Sphere lh Fri Feb  2 11:36:33 UTC 2018
#@# Sphere rh Fri Feb  2 13:22:26 UTC 2018
#@# Surf Reg lh Fri Feb  2 15:03:57 UTC 2018
#@# Surf Reg rh Fri Feb  2 16:36:51 UTC 2018
#@# Jacobian white lh Fri Feb  2 18:20:24 UTC 2018
#@# Jacobian white rh Fri Feb  2 18:20:28 UTC 2018
#@# AvgCurv lh Fri Feb  2 18:20:33 UTC 2018
#@# AvgCurv rh Fri Feb  2 18:20:37 UTC 2018
#@# Cortical Parc lh Fri Feb  2 18:20:41 UTC 2018
#@# Cortical Parc rh Fri Feb  2 18:21:10 UTC 2018
#@# Make Pial Surf lh Fri Feb  2 18:21:40 UTC 2018
#@# Make Pial Surf rh Fri Feb  2 18:49:29 UTC 2018
#@# Surf Volume lh Fri Feb  2 19:19:03 UTC 2018
#@# Surf Volume rh Fri Feb  2 19:19:11 UTC 2018
#@# Cortical ribbon mask Fri Feb  2 19:19:18 UTC 2018
#@# Parcellation Stats lh Fri Feb  2 19:48:56 UTC 2018
#@# Parcellation Stats rh Fri Feb  2 19:51:37 UTC 2018
#@# Cortical Parc 2 lh Fri Feb  2 19:54:23 UTC 2018
#@# Cortical Parc 2 rh Fri Feb  2 19:55:00 UTC 2018
#@# Parcellation Stats 2 lh Fri Feb  2 19:55:39 UTC 2018
#@# Parcellation Stats 2 rh Fri Feb  2 19:57:01 UTC 2018
#@# Cortical Parc 3 lh Fri Feb  2 19:58:26 UTC 2018
#@# Cortical Parc 3 rh Fri Feb  2 19:58:58 UTC 2018
#@# Parcellation Stats 3 lh Fri Feb  2 19:59:28 UTC 2018
#@# Parcellation Stats 3 rh Fri Feb  2 20:00:52 UTC 2018
#@# WM/GM Contrast lh Fri Feb  2 20:02:19 UTC 2018
#@# WM/GM Contrast rh Fri Feb  2 20:02:33 UTC 2018
#@# Relabel Hypointensities Fri Feb  2 20:02:47 UTC 2018
#@# AParc-to-ASeg aparc Fri Feb  2 20:03:35 UTC 2018
#@# AParc-to-ASeg a2009s Fri Feb  2 20:14:01 UTC 2018
#@# AParc-to-ASeg DKTatlas Fri Feb  2 20:23:53 UTC 2018
#@# APas-to-ASeg Fri Feb  2 20:33:31 UTC 2018
#@# ASeg Stats Fri Feb  2 20:33:47 UTC 2018
#@# WMParc Fri Feb  2 20:42:20 UTC 2018
#@# BA_exvivo Labels lh Fri Feb  2 21:03:24 UTC 2018
#@# BA_exvivo Labels rh Fri Feb  2 21:13:05 UTC 2018
recon-all -s 3811 finished without error at Fri Feb  2 21:23:02 UTC 2018
