status file for recon-all
Thu Jan 25 22:00:19 UTC 2018
#@# MotionCor Thu Jan 25 22:00:26 UTC 2018
#@# Talairach Thu Jan 25 22:00:45 UTC 2018
#@# Talairach Failure Detection Thu Jan 25 22:03:57 UTC 2018
#@# Nu Intensity Correction Thu Jan 25 22:03:58 UTC 2018
#@# Intensity Normalization Thu Jan 25 22:08:00 UTC 2018
#@# Skull Stripping Thu Jan 25 22:12:49 UTC 2018
#@# EM Registration Thu Jan 25 22:56:10 UTC 2018
#@# CA Normalize Thu Jan 25 23:46:35 UTC 2018
#@# CA Reg Thu Jan 25 23:49:53 UTC 2018
#@# SubCort Seg Fri Jan 26 05:09:11 UTC 2018
#@# Merge ASeg Fri Jan 26 07:08:57 UTC 2018
#@# Intensity Normalization2 Fri Jan 26 07:08:58 UTC 2018
#@# Mask BFS Fri Jan 26 07:16:33 UTC 2018
#@# WM Segmentation Fri Jan 26 07:16:37 UTC 2018
#@# Fill Fri Jan 26 07:20:34 UTC 2018
#@# Tessellate lh Fri Jan 26 07:22:10 UTC 2018
#@# Tessellate rh Fri Jan 26 07:22:24 UTC 2018
#@# Smooth1 lh Fri Jan 26 07:22:37 UTC 2018
#@# Smooth1 rh Fri Jan 26 07:22:47 UTC 2018
#@# Inflation1 lh Fri Jan 26 07:22:57 UTC 2018
#@# Inflation1 rh Fri Jan 26 07:23:56 UTC 2018
#@# QSphere lh Fri Jan 26 07:24:57 UTC 2018
#@# QSphere rh Fri Jan 26 07:31:40 UTC 2018
#@# Fix Topology Copy lh Fri Jan 26 07:38:16 UTC 2018
#@# Fix Topology Copy rh Fri Jan 26 07:38:17 UTC 2018
#@# Fix Topology lh Fri Jan 26 07:38:17 UTC 2018
#@# Fix Topology rh Fri Jan 26 08:12:18 UTC 2018
#@# Make White Surf lh Fri Jan 26 08:34:56 UTC 2018
#@# Make White Surf rh Fri Jan 26 08:44:23 UTC 2018
#@# Smooth2 lh Fri Jan 26 08:54:13 UTC 2018
#@# Smooth2 rh Fri Jan 26 08:54:22 UTC 2018
#@# Inflation2 lh Fri Jan 26 08:54:32 UTC 2018
#@# Inflation2 rh Fri Jan 26 08:55:30 UTC 2018
#@# Curv .H and .K lh Fri Jan 26 08:56:33 UTC 2018
#@# Curv .H and .K rh Fri Jan 26 08:59:09 UTC 2018
#@# Curvature Stats lh Fri Jan 26 09:01:39 UTC 2018
#@# Curvature Stats rh Fri Jan 26 09:01:47 UTC 2018
#@# Sphere lh Fri Jan 26 09:01:54 UTC 2018
#@# Sphere rh Fri Jan 26 10:39:10 UTC 2018
#@# Surf Reg lh Fri Jan 26 12:00:58 UTC 2018
#@# Surf Reg rh Fri Jan 26 13:18:27 UTC 2018
#@# Jacobian white lh Fri Jan 26 14:38:20 UTC 2018
#@# Jacobian white rh Fri Jan 26 14:38:23 UTC 2018
#@# AvgCurv lh Fri Jan 26 14:38:27 UTC 2018
#@# AvgCurv rh Fri Jan 26 14:38:30 UTC 2018
#@# Cortical Parc lh Fri Jan 26 14:38:32 UTC 2018
#@# Cortical Parc rh Fri Jan 26 14:38:58 UTC 2018
#@# Make Pial Surf lh Fri Jan 26 14:39:26 UTC 2018
#@# Make Pial Surf rh Fri Jan 26 15:04:17 UTC 2018
#@# Surf Volume lh Fri Jan 26 15:25:29 UTC 2018
#@# Surf Volume rh Fri Jan 26 15:25:34 UTC 2018
#@# Cortical ribbon mask Fri Jan 26 15:25:38 UTC 2018
#@# Parcellation Stats lh Fri Jan 26 15:43:39 UTC 2018
#@# Parcellation Stats rh Fri Jan 26 15:45:31 UTC 2018
#@# Cortical Parc 2 lh Fri Jan 26 15:47:28 UTC 2018
#@# Cortical Parc 2 rh Fri Jan 26 15:47:52 UTC 2018
#@# Parcellation Stats 2 lh Fri Jan 26 15:48:18 UTC 2018
#@# Parcellation Stats 2 rh Fri Jan 26 15:49:15 UTC 2018
#@# Cortical Parc 3 lh Fri Jan 26 15:50:13 UTC 2018
#@# Cortical Parc 3 rh Fri Jan 26 15:50:33 UTC 2018
#@# Parcellation Stats 3 lh Fri Jan 26 15:50:54 UTC 2018
#@# Parcellation Stats 3 rh Fri Jan 26 15:51:50 UTC 2018
#@# WM/GM Contrast lh Fri Jan 26 15:52:49 UTC 2018
#@# WM/GM Contrast rh Fri Jan 26 15:52:58 UTC 2018
#@# Relabel Hypointensities Fri Jan 26 15:53:07 UTC 2018
#@# AParc-to-ASeg aparc Fri Jan 26 15:53:41 UTC 2018
#@# AParc-to-ASeg a2009s Fri Jan 26 16:00:40 UTC 2018
#@# AParc-to-ASeg DKTatlas Fri Jan 26 16:07:35 UTC 2018
#@# APas-to-ASeg Fri Jan 26 16:14:30 UTC 2018
#@# ASeg Stats Fri Jan 26 16:14:40 UTC 2018
#@# WMParc Fri Jan 26 16:18:59 UTC 2018
#@# BA_exvivo Labels lh Fri Jan 26 16:34:03 UTC 2018
#@# BA_exvivo Labels rh Fri Jan 26 16:41:00 UTC 2018
recon-all -s 3526 finished without error at Fri Jan 26 16:48:07 UTC 2018
