status file for recon-all
Thu Jan 25 21:59:45 UTC 2018
#@# MotionCor Thu Jan 25 21:59:50 UTC 2018
#@# Talairach Thu Jan 25 22:00:08 UTC 2018
#@# Talairach Failure Detection Thu Jan 25 22:03:27 UTC 2018
#@# Nu Intensity Correction Thu Jan 25 22:03:28 UTC 2018
#@# Intensity Normalization Thu Jan 25 22:07:34 UTC 2018
#@# Skull Stripping Thu Jan 25 22:11:53 UTC 2018
#@# EM Registration Thu Jan 25 22:50:26 UTC 2018
#@# CA Normalize Thu Jan 25 23:18:19 UTC 2018
#@# CA Reg Thu Jan 25 23:21:41 UTC 2018
#@# SubCort Seg Fri Jan 26 04:31:26 UTC 2018
#@# Merge ASeg Fri Jan 26 06:20:17 UTC 2018
#@# Intensity Normalization2 Fri Jan 26 06:20:17 UTC 2018
#@# Mask BFS Fri Jan 26 06:27:56 UTC 2018
#@# WM Segmentation Fri Jan 26 06:28:00 UTC 2018
#@# Fill Fri Jan 26 06:32:03 UTC 2018
#@# Tessellate lh Fri Jan 26 06:33:53 UTC 2018
#@# Tessellate rh Fri Jan 26 06:34:06 UTC 2018
#@# Smooth1 lh Fri Jan 26 06:34:18 UTC 2018
#@# Smooth1 rh Fri Jan 26 06:34:27 UTC 2018
#@# Inflation1 lh Fri Jan 26 06:34:36 UTC 2018
#@# Inflation1 rh Fri Jan 26 06:35:34 UTC 2018
#@# QSphere lh Fri Jan 26 06:36:33 UTC 2018
#@# QSphere rh Fri Jan 26 06:43:00 UTC 2018
#@# Fix Topology Copy lh Fri Jan 26 06:49:21 UTC 2018
#@# Fix Topology Copy rh Fri Jan 26 06:49:21 UTC 2018
#@# Fix Topology lh Fri Jan 26 06:49:21 UTC 2018
#@# Fix Topology rh Fri Jan 26 07:24:04 UTC 2018
#@# Make White Surf lh Fri Jan 26 07:44:54 UTC 2018
#@# Make White Surf rh Fri Jan 26 07:53:49 UTC 2018
#@# Smooth2 lh Fri Jan 26 08:03:00 UTC 2018
#@# Smooth2 rh Fri Jan 26 08:03:10 UTC 2018
#@# Inflation2 lh Fri Jan 26 08:03:20 UTC 2018
#@# Inflation2 rh Fri Jan 26 08:04:18 UTC 2018
#@# Curv .H and .K lh Fri Jan 26 08:05:15 UTC 2018
#@# Curv .H and .K rh Fri Jan 26 08:07:38 UTC 2018
#@# Curvature Stats lh Fri Jan 26 08:10:01 UTC 2018
#@# Curvature Stats rh Fri Jan 26 08:10:08 UTC 2018
#@# Sphere lh Fri Jan 26 08:10:15 UTC 2018
#@# Sphere rh Fri Jan 26 09:01:05 UTC 2018
#@# Surf Reg lh Fri Jan 26 09:39:19 UTC 2018
#@# Surf Reg rh Fri Jan 26 11:07:12 UTC 2018
#@# Jacobian white lh Fri Jan 26 12:32:35 UTC 2018
#@# Jacobian white rh Fri Jan 26 12:32:40 UTC 2018
#@# AvgCurv lh Fri Jan 26 12:32:43 UTC 2018
#@# AvgCurv rh Fri Jan 26 12:32:46 UTC 2018
#@# Cortical Parc lh Fri Jan 26 12:32:49 UTC 2018
#@# Cortical Parc rh Fri Jan 26 12:33:21 UTC 2018
#@# Make Pial Surf lh Fri Jan 26 12:33:50 UTC 2018
#@# Make Pial Surf rh Fri Jan 26 12:59:31 UTC 2018
#@# Surf Volume lh Fri Jan 26 13:25:15 UTC 2018
#@# Surf Volume rh Fri Jan 26 13:25:20 UTC 2018
#@# Cortical ribbon mask Fri Jan 26 13:25:26 UTC 2018
#@# Parcellation Stats lh Fri Jan 26 13:47:36 UTC 2018
#@# Parcellation Stats rh Fri Jan 26 13:50:09 UTC 2018
#@# Cortical Parc 2 lh Fri Jan 26 13:52:37 UTC 2018
#@# Cortical Parc 2 rh Fri Jan 26 13:53:10 UTC 2018
#@# Parcellation Stats 2 lh Fri Jan 26 13:53:43 UTC 2018
#@# Parcellation Stats 2 rh Fri Jan 26 13:54:56 UTC 2018
#@# Cortical Parc 3 lh Fri Jan 26 13:56:10 UTC 2018
#@# Cortical Parc 3 rh Fri Jan 26 13:56:36 UTC 2018
#@# Parcellation Stats 3 lh Fri Jan 26 13:57:02 UTC 2018
#@# Parcellation Stats 3 rh Fri Jan 26 13:58:15 UTC 2018
#@# WM/GM Contrast lh Fri Jan 26 13:59:30 UTC 2018
#@# WM/GM Contrast rh Fri Jan 26 13:59:44 UTC 2018
#@# Relabel Hypointensities Fri Jan 26 13:59:56 UTC 2018
#@# AParc-to-ASeg aparc Fri Jan 26 14:00:39 UTC 2018
#@# AParc-to-ASeg a2009s Fri Jan 26 14:10:25 UTC 2018
#@# AParc-to-ASeg DKTatlas Fri Jan 26 14:20:10 UTC 2018
#@# APas-to-ASeg Fri Jan 26 14:29:55 UTC 2018
#@# ASeg Stats Fri Jan 26 14:30:11 UTC 2018
#@# WMParc Fri Jan 26 14:37:37 UTC 2018
#@# BA_exvivo Labels lh Fri Jan 26 14:56:50 UTC 2018
#@# BA_exvivo Labels rh Fri Jan 26 15:05:28 UTC 2018
recon-all -s 3525 finished without error at Fri Jan 26 15:13:13 UTC 2018
