status file for recon-all
Sat Jan 27 01:17:13 UTC 2018
#@# MotionCor Sat Jan 27 01:17:19 UTC 2018
#@# Talairach Sat Jan 27 01:17:35 UTC 2018
#@# Talairach Failure Detection Sat Jan 27 01:20:30 UTC 2018
#@# Nu Intensity Correction Sat Jan 27 01:20:30 UTC 2018
#@# Intensity Normalization Sat Jan 27 01:23:56 UTC 2018
#@# Skull Stripping Sat Jan 27 01:27:41 UTC 2018
#@# EM Registration Sat Jan 27 01:53:14 UTC 2018
#@# CA Normalize Sat Jan 27 02:25:13 UTC 2018
#@# CA Reg Sat Jan 27 02:27:58 UTC 2018
#@# SubCort Seg Sat Jan 27 06:50:00 UTC 2018
#@# Merge ASeg Sat Jan 27 08:25:50 UTC 2018
#@# Intensity Normalization2 Sat Jan 27 08:25:50 UTC 2018
#@# Mask BFS Sat Jan 27 08:31:44 UTC 2018
#@# WM Segmentation Sat Jan 27 08:31:46 UTC 2018
#@# Fill Sat Jan 27 08:35:15 UTC 2018
#@# Tessellate lh Sat Jan 27 08:36:43 UTC 2018
#@# Tessellate rh Sat Jan 27 08:36:54 UTC 2018
#@# Smooth1 lh Sat Jan 27 08:37:04 UTC 2018
#@# Smooth1 rh Sat Jan 27 08:37:13 UTC 2018
#@# Inflation1 lh Sat Jan 27 08:37:22 UTC 2018
#@# Inflation1 rh Sat Jan 27 08:38:19 UTC 2018
#@# QSphere lh Sat Jan 27 08:39:13 UTC 2018
#@# QSphere rh Sat Jan 27 08:45:27 UTC 2018
#@# Fix Topology Copy lh Sat Jan 27 08:51:03 UTC 2018
#@# Fix Topology Copy rh Sat Jan 27 08:51:03 UTC 2018
#@# Fix Topology lh Sat Jan 27 08:51:03 UTC 2018
#@# Fix Topology rh Tue Jan 30 11:53:17 UTC 2018
#@# Make White Surf lh Tue Jan 30 20:26:57 UTC 2018
#@# Make White Surf rh Tue Jan 30 20:33:50 UTC 2018
#@# Smooth2 lh Tue Jan 30 20:40:53 UTC 2018
#@# Smooth2 rh Tue Jan 30 20:41:01 UTC 2018
#@# Inflation2 lh Tue Jan 30 20:41:08 UTC 2018
#@# Inflation2 rh Tue Jan 30 20:41:54 UTC 2018
#@# Curv .H and .K lh Tue Jan 30 20:42:42 UTC 2018
#@# Curv .H and .K rh Tue Jan 30 20:44:44 UTC 2018
#@# Curvature Stats lh Tue Jan 30 20:46:47 UTC 2018
#@# Curvature Stats rh Tue Jan 30 20:46:52 UTC 2018
#@# Sphere lh Tue Jan 30 20:46:57 UTC 2018
#@# Sphere rh Tue Jan 30 21:55:59 UTC 2018
#@# Surf Reg lh Wed Jan 31 00:23:01 UTC 2018
#@# Surf Reg rh Wed Jan 31 01:47:29 UTC 2018
#@# Jacobian white lh Wed Jan 31 03:37:09 UTC 2018
#@# Jacobian white rh Wed Jan 31 03:37:13 UTC 2018
#@# AvgCurv lh Wed Jan 31 03:37:17 UTC 2018
#@# AvgCurv rh Wed Jan 31 03:37:21 UTC 2018
#@# Cortical Parc lh Wed Jan 31 03:37:24 UTC 2018
#@# Cortical Parc rh Wed Jan 31 03:37:54 UTC 2018
#@# Make Pial Surf lh Wed Jan 31 03:38:24 UTC 2018
#@# Make Pial Surf rh Wed Jan 31 04:04:57 UTC 2018
#@# Surf Volume lh Wed Jan 31 04:31:49 UTC 2018
#@# Surf Volume rh Wed Jan 31 04:31:55 UTC 2018
#@# Cortical ribbon mask Wed Jan 31 04:32:03 UTC 2018
#@# Parcellation Stats lh Wed Jan 31 05:02:18 UTC 2018
#@# Parcellation Stats rh Wed Jan 31 05:05:05 UTC 2018
#@# Cortical Parc 2 lh Wed Jan 31 05:07:55 UTC 2018
#@# Cortical Parc 2 rh Wed Jan 31 05:08:35 UTC 2018
#@# Parcellation Stats 2 lh Wed Jan 31 05:09:14 UTC 2018
#@# Parcellation Stats 2 rh Wed Jan 31 05:10:40 UTC 2018
#@# Cortical Parc 3 lh Wed Jan 31 05:12:09 UTC 2018
#@# Cortical Parc 3 rh Wed Jan 31 05:12:41 UTC 2018
#@# Parcellation Stats 3 lh Wed Jan 31 05:13:12 UTC 2018
#@# Parcellation Stats 3 rh Wed Jan 31 05:14:30 UTC 2018
#@# WM/GM Contrast lh Wed Jan 31 05:15:55 UTC 2018
#@# WM/GM Contrast rh Wed Jan 31 05:16:09 UTC 2018
#@# Relabel Hypointensities Wed Jan 31 05:16:22 UTC 2018
#@# AParc-to-ASeg aparc Wed Jan 31 05:17:11 UTC 2018
#@# AParc-to-ASeg a2009s Wed Jan 31 05:28:05 UTC 2018
#@# AParc-to-ASeg DKTatlas Wed Jan 31 05:38:07 UTC 2018
#@# APas-to-ASeg Wed Jan 31 05:48:16 UTC 2018
#@# ASeg Stats Wed Jan 31 05:48:32 UTC 2018
#@# WMParc Wed Jan 31 05:58:37 UTC 2018
#@# BA_exvivo Labels lh Wed Jan 31 06:21:27 UTC 2018
#@# BA_exvivo Labels rh Wed Jan 31 06:31:48 UTC 2018
recon-all -s 3803 finished without error at Wed Jan 31 06:42:06 UTC 2018
