status file for recon-all
Sun Jan 21 22:23:16 UTC 2018
#@# MotionCor Sun Jan 21 22:23:22 UTC 2018
#@# Talairach Sun Jan 21 22:23:40 UTC 2018
#@# Talairach Failure Detection Sun Jan 21 22:27:00 UTC 2018
#@# Nu Intensity Correction Sun Jan 21 22:27:00 UTC 2018
#@# Intensity Normalization Sun Jan 21 22:30:49 UTC 2018
#@# Skull Stripping Sun Jan 21 22:34:20 UTC 2018
#@# EM Registration Sun Jan 21 23:08:37 UTC 2018
#@# CA Normalize Sun Jan 21 23:42:44 UTC 2018
#@# CA Reg Sun Jan 21 23:45:27 UTC 2018
#@# SubCort Seg Mon Jan 22 03:58:57 UTC 2018
#@# Merge ASeg Mon Jan 22 05:46:18 UTC 2018
#@# Intensity Normalization2 Mon Jan 22 05:46:18 UTC 2018
#@# Mask BFS Mon Jan 22 05:52:27 UTC 2018
#@# WM Segmentation Mon Jan 22 05:52:30 UTC 2018
#@# Fill Mon Jan 22 05:56:22 UTC 2018
#@# Tessellate lh Mon Jan 22 05:57:47 UTC 2018
#@# Tessellate rh Mon Jan 22 05:57:58 UTC 2018
#@# Smooth1 lh Mon Jan 22 05:58:09 UTC 2018
#@# Smooth1 rh Mon Jan 22 05:58:18 UTC 2018
#@# Inflation1 lh Mon Jan 22 05:58:28 UTC 2018
#@# Inflation1 rh Mon Jan 22 05:59:26 UTC 2018
#@# QSphere lh Mon Jan 22 06:00:26 UTC 2018
#@# QSphere rh Mon Jan 22 06:06:20 UTC 2018
#@# Fix Topology Copy lh Mon Jan 22 06:12:32 UTC 2018
#@# Fix Topology Copy rh Mon Jan 22 06:12:32 UTC 2018
#@# Fix Topology lh Mon Jan 22 06:12:32 UTC 2018
#@# Fix Topology rh Mon Jan 22 07:36:13 UTC 2018
#@# Make White Surf lh Mon Jan 22 09:26:18 UTC 2018
#@# Make White Surf rh Mon Jan 22 09:34:20 UTC 2018
#@# Smooth2 lh Mon Jan 22 09:43:14 UTC 2018
#@# Smooth2 rh Mon Jan 22 09:43:23 UTC 2018
#@# Inflation2 lh Mon Jan 22 09:43:32 UTC 2018
#@# Inflation2 rh Mon Jan 22 09:44:30 UTC 2018
#@# Curv .H and .K lh Mon Jan 22 09:45:33 UTC 2018
#@# Curv .H and .K rh Mon Jan 22 09:47:57 UTC 2018
#@# Curvature Stats lh Mon Jan 22 09:50:27 UTC 2018
#@# Curvature Stats rh Mon Jan 22 09:50:33 UTC 2018
#@# Sphere lh Mon Jan 22 09:50:39 UTC 2018
#@# Sphere rh Mon Jan 22 11:23:41 UTC 2018
#@# Surf Reg lh Mon Jan 22 12:52:49 UTC 2018
#@# Surf Reg rh Mon Jan 22 14:09:51 UTC 2018
#@# Jacobian white lh Mon Jan 22 15:35:24 UTC 2018
#@# Jacobian white rh Mon Jan 22 15:35:27 UTC 2018
#@# AvgCurv lh Mon Jan 22 15:35:30 UTC 2018
#@# AvgCurv rh Mon Jan 22 15:35:33 UTC 2018
#@# Cortical Parc lh Mon Jan 22 15:35:35 UTC 2018
#@# Cortical Parc rh Mon Jan 22 15:35:57 UTC 2018
#@# Make Pial Surf lh Mon Jan 22 15:36:20 UTC 2018
#@# Make Pial Surf rh Mon Jan 22 15:57:24 UTC 2018
#@# Surf Volume lh Mon Jan 22 16:20:24 UTC 2018
#@# Surf Volume rh Mon Jan 22 16:20:29 UTC 2018
#@# Cortical ribbon mask Mon Jan 22 16:20:35 UTC 2018
#@# Parcellation Stats lh Mon Jan 22 16:37:54 UTC 2018
#@# Parcellation Stats rh Mon Jan 22 16:40:02 UTC 2018
#@# Cortical Parc 2 lh Mon Jan 22 16:42:15 UTC 2018
#@# Cortical Parc 2 rh Mon Jan 22 16:42:41 UTC 2018
#@# Parcellation Stats 2 lh Mon Jan 22 16:43:10 UTC 2018
#@# Parcellation Stats 2 rh Mon Jan 22 16:44:16 UTC 2018
#@# Cortical Parc 3 lh Mon Jan 22 16:45:23 UTC 2018
#@# Cortical Parc 3 rh Mon Jan 22 16:45:45 UTC 2018
#@# Parcellation Stats 3 lh Mon Jan 22 16:46:08 UTC 2018
#@# Parcellation Stats 3 rh Mon Jan 22 16:47:13 UTC 2018
#@# WM/GM Contrast lh Mon Jan 22 16:48:19 UTC 2018
#@# WM/GM Contrast rh Mon Jan 22 16:48:29 UTC 2018
#@# Relabel Hypointensities Mon Jan 22 16:48:39 UTC 2018
#@# AParc-to-ASeg aparc Mon Jan 22 16:49:12 UTC 2018
#@# AParc-to-ASeg a2009s Mon Jan 22 16:56:29 UTC 2018
#@# AParc-to-ASeg DKTatlas Mon Jan 22 17:03:50 UTC 2018
#@# APas-to-ASeg Mon Jan 22 17:11:07 UTC 2018
#@# ASeg Stats Mon Jan 22 17:11:17 UTC 2018
#@# WMParc Mon Jan 22 17:15:17 UTC 2018
#@# BA_exvivo Labels lh Mon Jan 22 17:28:59 UTC 2018
#@# BA_exvivo Labels rh Mon Jan 22 17:36:29 UTC 2018
recon-all -s 3178 finished without error at Mon Jan 22 17:44:13 UTC 2018
