status file for recon-all
Sun Jan 21 22:23:34 UTC 2018
#@# MotionCor Sun Jan 21 22:23:41 UTC 2018
#@# Talairach Sun Jan 21 22:23:59 UTC 2018
#@# Talairach Failure Detection Sun Jan 21 22:26:54 UTC 2018
#@# Nu Intensity Correction Sun Jan 21 22:26:55 UTC 2018
#@# Intensity Normalization Sun Jan 21 22:30:16 UTC 2018
#@# Skull Stripping Sun Jan 21 22:33:43 UTC 2018
#@# EM Registration Sun Jan 21 22:59:22 UTC 2018
#@# CA Normalize Sun Jan 21 23:23:36 UTC 2018
#@# CA Reg Sun Jan 21 23:26:15 UTC 2018
#@# SubCort Seg Mon Jan 22 03:38:07 UTC 2018
#@# Merge ASeg Mon Jan 22 05:07:13 UTC 2018
#@# Intensity Normalization2 Mon Jan 22 05:07:13 UTC 2018
#@# Mask BFS Mon Jan 22 05:13:05 UTC 2018
#@# WM Segmentation Mon Jan 22 05:13:08 UTC 2018
#@# Fill Mon Jan 22 05:16:27 UTC 2018
#@# Tessellate lh Mon Jan 22 05:17:53 UTC 2018
#@# Tessellate rh Mon Jan 22 05:18:04 UTC 2018
#@# Smooth1 lh Mon Jan 22 05:18:13 UTC 2018
#@# Smooth1 rh Mon Jan 22 05:18:21 UTC 2018
#@# Inflation1 lh Mon Jan 22 05:18:29 UTC 2018
#@# Inflation1 rh Mon Jan 22 05:19:18 UTC 2018
#@# QSphere lh Mon Jan 22 05:20:08 UTC 2018
#@# QSphere rh Mon Jan 22 05:25:39 UTC 2018
#@# Fix Topology Copy lh Mon Jan 22 05:31:03 UTC 2018
#@# Fix Topology Copy rh Mon Jan 22 05:31:03 UTC 2018
#@# Fix Topology lh Mon Jan 22 05:31:03 UTC 2018
#@# Fix Topology rh Mon Jan 22 06:04:04 UTC 2018
#@# Make White Surf lh Mon Jan 22 06:42:53 UTC 2018
#@# Make White Surf rh Mon Jan 22 06:50:22 UTC 2018
#@# Smooth2 lh Mon Jan 22 06:58:04 UTC 2018
#@# Smooth2 rh Mon Jan 22 06:58:12 UTC 2018
#@# Inflation2 lh Mon Jan 22 06:58:20 UTC 2018
#@# Inflation2 rh Mon Jan 22 06:59:10 UTC 2018
#@# Curv .H and .K lh Mon Jan 22 07:00:00 UTC 2018
#@# Curv .H and .K rh Mon Jan 22 07:02:05 UTC 2018
#@# Curvature Stats lh Mon Jan 22 07:04:10 UTC 2018
#@# Curvature Stats rh Mon Jan 22 07:04:16 UTC 2018
#@# Sphere lh Mon Jan 22 07:04:22 UTC 2018
#@# Sphere rh Mon Jan 22 08:11:22 UTC 2018
#@# Surf Reg lh Mon Jan 22 09:27:25 UTC 2018
#@# Surf Reg rh Mon Jan 22 10:29:45 UTC 2018
#@# Jacobian white lh Mon Jan 22 12:02:42 UTC 2018
#@# Jacobian white rh Mon Jan 22 12:02:45 UTC 2018
#@# AvgCurv lh Mon Jan 22 12:02:48 UTC 2018
#@# AvgCurv rh Mon Jan 22 12:02:52 UTC 2018
#@# Cortical Parc lh Mon Jan 22 12:02:54 UTC 2018
#@# Cortical Parc rh Mon Jan 22 12:03:16 UTC 2018
#@# Make Pial Surf lh Mon Jan 22 12:03:38 UTC 2018
#@# Make Pial Surf rh Mon Jan 22 12:24:33 UTC 2018
#@# Surf Volume lh Mon Jan 22 12:46:23 UTC 2018
#@# Surf Volume rh Mon Jan 22 12:46:29 UTC 2018
#@# Cortical ribbon mask Mon Jan 22 12:46:34 UTC 2018
#@# Parcellation Stats lh Mon Jan 22 13:08:00 UTC 2018
#@# Parcellation Stats rh Mon Jan 22 13:10:15 UTC 2018
#@# Cortical Parc 2 lh Mon Jan 22 13:12:29 UTC 2018
#@# Cortical Parc 2 rh Mon Jan 22 13:12:59 UTC 2018
#@# Parcellation Stats 2 lh Mon Jan 22 13:13:29 UTC 2018
#@# Parcellation Stats 2 rh Mon Jan 22 13:14:37 UTC 2018
#@# Cortical Parc 3 lh Mon Jan 22 13:15:46 UTC 2018
#@# Cortical Parc 3 rh Mon Jan 22 13:16:10 UTC 2018
#@# Parcellation Stats 3 lh Mon Jan 22 13:16:35 UTC 2018
#@# Parcellation Stats 3 rh Mon Jan 22 13:17:40 UTC 2018
#@# WM/GM Contrast lh Mon Jan 22 13:18:45 UTC 2018
#@# WM/GM Contrast rh Mon Jan 22 13:18:56 UTC 2018
#@# Relabel Hypointensities Mon Jan 22 13:19:06 UTC 2018
#@# AParc-to-ASeg aparc Mon Jan 22 13:19:45 UTC 2018
#@# AParc-to-ASeg a2009s Mon Jan 22 13:27:54 UTC 2018
#@# AParc-to-ASeg DKTatlas Mon Jan 22 13:35:57 UTC 2018
#@# APas-to-ASeg Mon Jan 22 13:44:12 UTC 2018
#@# ASeg Stats Mon Jan 22 13:44:24 UTC 2018
#@# WMParc Mon Jan 22 13:51:43 UTC 2018
#@# BA_exvivo Labels lh Mon Jan 22 14:08:06 UTC 2018
#@# BA_exvivo Labels rh Mon Jan 22 14:15:36 UTC 2018
recon-all -s 3181 finished without error at Mon Jan 22 14:23:17 UTC 2018
