status file for recon-all
Wed Jan 24 18:41:43 UTC 2018
#@# MotionCor Wed Jan 24 18:41:51 UTC 2018
#@# Talairach Wed Jan 24 18:42:15 UTC 2018
#@# Talairach Failure Detection Wed Jan 24 18:46:35 UTC 2018
#@# Nu Intensity Correction Wed Jan 24 18:46:36 UTC 2018
#@# Intensity Normalization Wed Jan 24 18:52:00 UTC 2018
#@# Skull Stripping Wed Jan 24 18:57:22 UTC 2018
#@# EM Registration Wed Jan 24 19:38:59 UTC 2018
#@# CA Normalize Wed Jan 24 20:27:27 UTC 2018
#@# CA Reg Wed Jan 24 20:31:46 UTC 2018
#@# SubCort Seg Thu Jan 25 02:30:20 UTC 2018
#@# Merge ASeg Thu Jan 25 04:47:53 UTC 2018
#@# Intensity Normalization2 Thu Jan 25 04:47:54 UTC 2018
#@# Mask BFS Thu Jan 25 04:55:09 UTC 2018
#@# WM Segmentation Thu Jan 25 04:55:14 UTC 2018
#@# Fill Thu Jan 25 04:59:38 UTC 2018
#@# Tessellate lh Thu Jan 25 05:01:24 UTC 2018
#@# Tessellate rh Thu Jan 25 05:01:37 UTC 2018
#@# Smooth1 lh Thu Jan 25 05:01:51 UTC 2018
#@# Smooth1 rh Thu Jan 25 05:02:02 UTC 2018
#@# Inflation1 lh Thu Jan 25 05:02:14 UTC 2018
#@# Inflation1 rh Thu Jan 25 05:03:20 UTC 2018
#@# QSphere lh Thu Jan 25 05:04:25 UTC 2018
#@# QSphere rh Thu Jan 25 05:11:24 UTC 2018
#@# Fix Topology Copy lh Thu Jan 25 05:18:35 UTC 2018
#@# Fix Topology Copy rh Thu Jan 25 05:18:35 UTC 2018
#@# Fix Topology lh Thu Jan 25 05:18:36 UTC 2018
#@# Fix Topology rh Thu Jan 25 06:42:56 UTC 2018
#@# Make White Surf lh Thu Jan 25 07:53:40 UTC 2018
#@# Make White Surf rh Thu Jan 25 08:01:16 UTC 2018
#@# Smooth2 lh Thu Jan 25 08:08:50 UTC 2018
#@# Smooth2 rh Thu Jan 25 08:08:58 UTC 2018
#@# Inflation2 lh Thu Jan 25 08:09:07 UTC 2018
#@# Inflation2 rh Thu Jan 25 08:09:58 UTC 2018
#@# Curv .H and .K lh Thu Jan 25 08:10:51 UTC 2018
#@# Curv .H and .K rh Thu Jan 25 08:13:06 UTC 2018
#@# Curvature Stats lh Thu Jan 25 08:15:22 UTC 2018
#@# Curvature Stats rh Thu Jan 25 08:15:28 UTC 2018
#@# Sphere lh Thu Jan 25 08:15:33 UTC 2018
#@# Sphere rh Thu Jan 25 09:26:18 UTC 2018
#@# Surf Reg lh Thu Jan 25 10:45:49 UTC 2018
#@# Surf Reg rh Thu Jan 25 11:56:04 UTC 2018
#@# Jacobian white lh Thu Jan 25 13:18:35 UTC 2018
#@# Jacobian white rh Thu Jan 25 13:18:38 UTC 2018
#@# AvgCurv lh Thu Jan 25 13:18:41 UTC 2018
#@# AvgCurv rh Thu Jan 25 13:18:44 UTC 2018
#@# Cortical Parc lh Thu Jan 25 13:18:46 UTC 2018
#@# Cortical Parc rh Thu Jan 25 13:19:11 UTC 2018
#@# Make Pial Surf lh Thu Jan 25 13:19:36 UTC 2018
#@# Make Pial Surf rh Thu Jan 25 13:41:26 UTC 2018
#@# Surf Volume lh Thu Jan 25 14:02:48 UTC 2018
#@# Surf Volume rh Thu Jan 25 14:02:53 UTC 2018
#@# Cortical ribbon mask Thu Jan 25 14:02:58 UTC 2018
#@# Parcellation Stats lh Thu Jan 25 14:23:14 UTC 2018
#@# Parcellation Stats rh Thu Jan 25 14:25:33 UTC 2018
#@# Cortical Parc 2 lh Thu Jan 25 14:27:52 UTC 2018
#@# Cortical Parc 2 rh Thu Jan 25 14:28:24 UTC 2018
#@# Parcellation Stats 2 lh Thu Jan 25 14:28:55 UTC 2018
#@# Parcellation Stats 2 rh Thu Jan 25 14:30:06 UTC 2018
#@# Cortical Parc 3 lh Thu Jan 25 14:31:18 UTC 2018
#@# Cortical Parc 3 rh Thu Jan 25 14:31:43 UTC 2018
#@# Parcellation Stats 3 lh Thu Jan 25 14:32:07 UTC 2018
#@# Parcellation Stats 3 rh Thu Jan 25 14:33:17 UTC 2018
#@# WM/GM Contrast lh Thu Jan 25 14:34:24 UTC 2018
#@# WM/GM Contrast rh Thu Jan 25 14:34:35 UTC 2018
#@# Relabel Hypointensities Thu Jan 25 14:34:45 UTC 2018
#@# AParc-to-ASeg aparc Thu Jan 25 14:35:24 UTC 2018
#@# AParc-to-ASeg a2009s Thu Jan 25 14:43:22 UTC 2018
#@# AParc-to-ASeg DKTatlas Thu Jan 25 14:51:09 UTC 2018
#@# APas-to-ASeg Thu Jan 25 14:59:02 UTC 2018
#@# ASeg Stats Thu Jan 25 14:59:14 UTC 2018
#@# WMParc Thu Jan 25 15:05:34 UTC 2018
#@# BA_exvivo Labels lh Thu Jan 25 15:23:02 UTC 2018
#@# BA_exvivo Labels rh Thu Jan 25 15:30:48 UTC 2018
recon-all -s 3389 finished without error at Thu Jan 25 15:38:09 UTC 2018
