status file for recon-all
Wed Jan 24 18:41:17 UTC 2018
#@# MotionCor Wed Jan 24 18:41:25 UTC 2018
#@# Talairach Wed Jan 24 18:41:48 UTC 2018
#@# Talairach Failure Detection Wed Jan 24 18:46:41 UTC 2018
#@# Nu Intensity Correction Wed Jan 24 18:46:41 UTC 2018
#@# Intensity Normalization Wed Jan 24 18:52:46 UTC 2018
#@# Skull Stripping Wed Jan 24 18:58:20 UTC 2018
#@# EM Registration Wed Jan 24 19:56:14 UTC 2018
#@# CA Normalize Wed Jan 24 20:50:30 UTC 2018
#@# CA Reg Wed Jan 24 20:54:50 UTC 2018
#@# SubCort Seg Thu Jan 25 02:50:58 UTC 2018
#@# Merge ASeg Thu Jan 25 05:15:21 UTC 2018
#@# Intensity Normalization2 Thu Jan 25 05:15:21 UTC 2018
#@# Mask BFS Thu Jan 25 05:22:01 UTC 2018
#@# WM Segmentation Thu Jan 25 05:22:05 UTC 2018
#@# Fill Thu Jan 25 05:26:12 UTC 2018
#@# Tessellate lh Thu Jan 25 05:27:54 UTC 2018
#@# Tessellate rh Thu Jan 25 05:28:05 UTC 2018
#@# Smooth1 lh Thu Jan 25 05:28:18 UTC 2018
#@# Smooth1 rh Thu Jan 25 05:28:30 UTC 2018
#@# Inflation1 lh Thu Jan 25 05:28:43 UTC 2018
#@# Inflation1 rh Thu Jan 25 05:29:55 UTC 2018
#@# QSphere lh Thu Jan 25 05:31:03 UTC 2018
#@# QSphere rh Thu Jan 25 05:38:16 UTC 2018
#@# Fix Topology Copy lh Thu Jan 25 05:45:50 UTC 2018
#@# Fix Topology Copy rh Thu Jan 25 05:45:51 UTC 2018
#@# Fix Topology lh Thu Jan 25 05:45:51 UTC 2018
#@# Fix Topology rh Thu Jan 25 07:23:25 UTC 2018
#@# Make White Surf lh Thu Jan 25 09:16:42 UTC 2018
#@# Make White Surf rh Thu Jan 25 09:25:25 UTC 2018
#@# Smooth2 lh Thu Jan 25 09:34:03 UTC 2018
#@# Smooth2 rh Thu Jan 25 09:34:13 UTC 2018
#@# Inflation2 lh Thu Jan 25 09:34:22 UTC 2018
#@# Inflation2 rh Thu Jan 25 09:35:19 UTC 2018
#@# Curv .H and .K lh Thu Jan 25 09:36:15 UTC 2018
#@# Curv .H and .K rh Thu Jan 25 09:38:38 UTC 2018
#@# Curvature Stats lh Thu Jan 25 09:41:06 UTC 2018
#@# Curvature Stats rh Thu Jan 25 09:41:12 UTC 2018
#@# Sphere lh Thu Jan 25 09:41:19 UTC 2018
#@# Sphere rh Thu Jan 25 11:05:51 UTC 2018
#@# Surf Reg lh Thu Jan 25 12:34:39 UTC 2018
#@# Surf Reg rh Thu Jan 25 13:58:53 UTC 2018
#@# Jacobian white lh Thu Jan 25 15:30:15 UTC 2018
#@# Jacobian white rh Thu Jan 25 15:30:18 UTC 2018
#@# AvgCurv lh Thu Jan 25 15:30:21 UTC 2018
#@# AvgCurv rh Thu Jan 25 15:30:24 UTC 2018
#@# Cortical Parc lh Thu Jan 25 15:30:26 UTC 2018
#@# Cortical Parc rh Thu Jan 25 15:30:48 UTC 2018
#@# Make Pial Surf lh Thu Jan 25 15:31:10 UTC 2018
#@# Make Pial Surf rh Thu Jan 25 15:53:37 UTC 2018
#@# Surf Volume lh Thu Jan 25 16:16:14 UTC 2018
#@# Surf Volume rh Thu Jan 25 16:16:19 UTC 2018
#@# Cortical ribbon mask Thu Jan 25 16:16:24 UTC 2018
#@# Parcellation Stats lh Thu Jan 25 16:38:24 UTC 2018
#@# Parcellation Stats rh Thu Jan 25 16:40:32 UTC 2018
#@# Cortical Parc 2 lh Thu Jan 25 16:42:44 UTC 2018
#@# Cortical Parc 2 rh Thu Jan 25 16:43:14 UTC 2018
#@# Parcellation Stats 2 lh Thu Jan 25 16:43:43 UTC 2018
#@# Parcellation Stats 2 rh Thu Jan 25 16:44:49 UTC 2018
#@# Cortical Parc 3 lh Thu Jan 25 16:45:54 UTC 2018
#@# Cortical Parc 3 rh Thu Jan 25 16:46:17 UTC 2018
#@# Parcellation Stats 3 lh Thu Jan 25 16:46:39 UTC 2018
#@# Parcellation Stats 3 rh Thu Jan 25 16:47:42 UTC 2018
#@# WM/GM Contrast lh Thu Jan 25 16:48:46 UTC 2018
#@# WM/GM Contrast rh Thu Jan 25 16:48:56 UTC 2018
#@# Relabel Hypointensities Thu Jan 25 16:49:06 UTC 2018
#@# AParc-to-ASeg aparc Thu Jan 25 16:49:42 UTC 2018
#@# AParc-to-ASeg a2009s Thu Jan 25 16:59:14 UTC 2018
#@# AParc-to-ASeg DKTatlas Thu Jan 25 17:09:44 UTC 2018
#@# APas-to-ASeg Thu Jan 25 17:19:05 UTC 2018
#@# ASeg Stats Thu Jan 25 17:19:16 UTC 2018
#@# WMParc Thu Jan 25 17:23:23 UTC 2018
#@# BA_exvivo Labels lh Thu Jan 25 17:38:56 UTC 2018
#@# BA_exvivo Labels rh Thu Jan 25 17:46:34 UTC 2018
recon-all -s 3373 finished without error at Thu Jan 25 17:54:12 UTC 2018
