status file for recon-all
Sun Jan 21 22:23:01 UTC 2018
#@# MotionCor Sun Jan 21 22:23:08 UTC 2018
#@# Talairach Sun Jan 21 22:23:26 UTC 2018
#@# Talairach Failure Detection Sun Jan 21 22:26:31 UTC 2018
#@# Nu Intensity Correction Sun Jan 21 22:26:34 UTC 2018
#@# Intensity Normalization Sun Jan 21 22:30:00 UTC 2018
#@# Skull Stripping Sun Jan 21 22:33:30 UTC 2018
#@# EM Registration Sun Jan 21 23:05:34 UTC 2018
#@# CA Normalize Sun Jan 21 23:31:06 UTC 2018
#@# CA Reg Sun Jan 21 23:33:48 UTC 2018
#@# SubCort Seg Mon Jan 22 03:55:00 UTC 2018
#@# Merge ASeg Mon Jan 22 05:21:08 UTC 2018
#@# Intensity Normalization2 Mon Jan 22 05:21:08 UTC 2018
#@# Mask BFS Mon Jan 22 05:27:21 UTC 2018
#@# WM Segmentation Mon Jan 22 05:27:24 UTC 2018
#@# Fill Mon Jan 22 05:30:47 UTC 2018
#@# Tessellate lh Mon Jan 22 05:32:15 UTC 2018
#@# Tessellate rh Mon Jan 22 05:32:25 UTC 2018
#@# Smooth1 lh Mon Jan 22 05:32:35 UTC 2018
#@# Smooth1 rh Mon Jan 22 05:32:43 UTC 2018
#@# Inflation1 lh Mon Jan 22 05:32:52 UTC 2018
#@# Inflation1 rh Mon Jan 22 05:33:42 UTC 2018
#@# QSphere lh Mon Jan 22 05:34:32 UTC 2018
#@# QSphere rh Mon Jan 22 05:40:05 UTC 2018
#@# Fix Topology Copy lh Mon Jan 22 05:46:01 UTC 2018
#@# Fix Topology Copy rh Mon Jan 22 05:46:01 UTC 2018
#@# Fix Topology lh Mon Jan 22 05:46:01 UTC 2018
#@# Fix Topology rh Mon Jan 22 06:34:47 UTC 2018
#@# Make White Surf lh Mon Jan 22 07:14:19 UTC 2018
#@# Make White Surf rh Mon Jan 22 07:22:11 UTC 2018
#@# Smooth2 lh Mon Jan 22 07:29:37 UTC 2018
#@# Smooth2 rh Mon Jan 22 07:29:45 UTC 2018
#@# Inflation2 lh Mon Jan 22 07:29:54 UTC 2018
#@# Inflation2 rh Mon Jan 22 07:30:45 UTC 2018
#@# Curv .H and .K lh Mon Jan 22 07:31:36 UTC 2018
#@# Curv .H and .K rh Mon Jan 22 07:33:43 UTC 2018
#@# Curvature Stats lh Mon Jan 22 07:35:46 UTC 2018
#@# Curvature Stats rh Mon Jan 22 07:35:52 UTC 2018
#@# Sphere lh Mon Jan 22 07:35:57 UTC 2018
#@# Sphere rh Mon Jan 22 08:37:37 UTC 2018
#@# Surf Reg lh Mon Jan 22 09:43:28 UTC 2018
#@# Surf Reg rh Mon Jan 22 10:56:55 UTC 2018
#@# Jacobian white lh Mon Jan 22 12:11:01 UTC 2018
#@# Jacobian white rh Mon Jan 22 12:11:04 UTC 2018
#@# AvgCurv lh Mon Jan 22 12:11:06 UTC 2018
#@# AvgCurv rh Mon Jan 22 12:11:09 UTC 2018
#@# Cortical Parc lh Mon Jan 22 12:11:11 UTC 2018
#@# Cortical Parc rh Mon Jan 22 12:11:32 UTC 2018
#@# Make Pial Surf lh Mon Jan 22 12:11:53 UTC 2018
#@# Make Pial Surf rh Mon Jan 22 12:33:57 UTC 2018
#@# Surf Volume lh Mon Jan 22 12:55:57 UTC 2018
#@# Surf Volume rh Mon Jan 22 12:56:02 UTC 2018
#@# Cortical ribbon mask Mon Jan 22 12:56:07 UTC 2018
#@# Parcellation Stats lh Mon Jan 22 13:19:32 UTC 2018
#@# Parcellation Stats rh Mon Jan 22 13:21:45 UTC 2018
#@# Cortical Parc 2 lh Mon Jan 22 13:23:55 UTC 2018
#@# Cortical Parc 2 rh Mon Jan 22 13:24:26 UTC 2018
#@# Parcellation Stats 2 lh Mon Jan 22 13:24:55 UTC 2018
#@# Parcellation Stats 2 rh Mon Jan 22 13:26:05 UTC 2018
#@# Cortical Parc 3 lh Mon Jan 22 13:27:12 UTC 2018
#@# Cortical Parc 3 rh Mon Jan 22 13:27:36 UTC 2018
#@# Parcellation Stats 3 lh Mon Jan 22 13:28:00 UTC 2018
#@# Parcellation Stats 3 rh Mon Jan 22 13:29:07 UTC 2018
#@# WM/GM Contrast lh Mon Jan 22 13:30:12 UTC 2018
#@# WM/GM Contrast rh Mon Jan 22 13:30:22 UTC 2018
#@# Relabel Hypointensities Mon Jan 22 13:30:32 UTC 2018
#@# AParc-to-ASeg aparc Mon Jan 22 13:31:13 UTC 2018
#@# AParc-to-ASeg a2009s Mon Jan 22 13:40:04 UTC 2018
#@# AParc-to-ASeg DKTatlas Mon Jan 22 13:48:37 UTC 2018
#@# APas-to-ASeg Mon Jan 22 13:56:56 UTC 2018
#@# ASeg Stats Mon Jan 22 13:57:08 UTC 2018
#@# WMParc Mon Jan 22 14:02:53 UTC 2018
#@# BA_exvivo Labels lh Mon Jan 22 14:18:33 UTC 2018
#@# BA_exvivo Labels rh Mon Jan 22 14:26:05 UTC 2018
recon-all -s 3168 finished without error at Mon Jan 22 14:33:45 UTC 2018
