status file for recon-all
Tue Jan 23 03:48:36 UTC 2018
#@# MotionCor Tue Jan 23 03:48:42 UTC 2018
#@# Talairach Tue Jan 23 03:49:03 UTC 2018
#@# Talairach Failure Detection Tue Jan 23 03:52:32 UTC 2018
#@# Nu Intensity Correction Tue Jan 23 03:52:32 UTC 2018
#@# Intensity Normalization Tue Jan 23 03:56:43 UTC 2018
#@# Skull Stripping Tue Jan 23 04:01:21 UTC 2018
#@# EM Registration Tue Jan 23 04:44:06 UTC 2018
#@# CA Normalize Tue Jan 23 05:19:58 UTC 2018
#@# CA Reg Tue Jan 23 05:23:34 UTC 2018
#@# SubCort Seg Tue Jan 23 11:02:01 UTC 2018
#@# Merge ASeg Tue Jan 23 13:05:01 UTC 2018
#@# Intensity Normalization2 Tue Jan 23 13:05:02 UTC 2018
#@# Mask BFS Tue Jan 23 13:13:05 UTC 2018
#@# WM Segmentation Tue Jan 23 13:13:10 UTC 2018
#@# Fill Tue Jan 23 13:17:57 UTC 2018
#@# Tessellate lh Tue Jan 23 13:19:51 UTC 2018
#@# Tessellate rh Tue Jan 23 13:20:06 UTC 2018
#@# Smooth1 lh Tue Jan 23 13:20:20 UTC 2018
#@# Smooth1 rh Tue Jan 23 13:20:32 UTC 2018
#@# Inflation1 lh Tue Jan 23 13:20:42 UTC 2018
#@# Inflation1 rh Tue Jan 23 13:21:47 UTC 2018
#@# QSphere lh Tue Jan 23 13:22:56 UTC 2018
#@# QSphere rh Tue Jan 23 13:30:01 UTC 2018
#@# Fix Topology Copy lh Tue Jan 23 13:37:37 UTC 2018
#@# Fix Topology Copy rh Tue Jan 23 13:37:38 UTC 2018
#@# Fix Topology lh Tue Jan 23 13:37:38 UTC 2018
#@# Fix Topology rh Tue Jan 23 14:35:16 UTC 2018
#@# Make White Surf lh Tue Jan 23 15:27:10 UTC 2018
#@# Make White Surf rh Tue Jan 23 15:36:38 UTC 2018
#@# Smooth2 lh Tue Jan 23 15:46:16 UTC 2018
#@# Smooth2 rh Tue Jan 23 15:46:27 UTC 2018
#@# Inflation2 lh Tue Jan 23 15:46:38 UTC 2018
#@# Inflation2 rh Tue Jan 23 15:47:40 UTC 2018
#@# Curv .H and .K lh Tue Jan 23 15:48:44 UTC 2018
#@# Curv .H and .K rh Tue Jan 23 15:51:21 UTC 2018
#@# Curvature Stats lh Tue Jan 23 15:54:03 UTC 2018
#@# Curvature Stats rh Tue Jan 23 15:54:10 UTC 2018
#@# Sphere lh Tue Jan 23 15:54:17 UTC 2018
#@# Sphere rh Tue Jan 23 17:08:02 UTC 2018
#@# Surf Reg lh Tue Jan 23 18:37:52 UTC 2018
#@# Surf Reg rh Tue Jan 23 19:58:29 UTC 2018
#@# Jacobian white lh Tue Jan 23 21:30:05 UTC 2018
#@# Jacobian white rh Tue Jan 23 21:30:09 UTC 2018
#@# AvgCurv lh Tue Jan 23 21:30:12 UTC 2018
#@# AvgCurv rh Tue Jan 23 21:30:15 UTC 2018
#@# Cortical Parc lh Tue Jan 23 21:30:18 UTC 2018
#@# Cortical Parc rh Tue Jan 23 21:30:47 UTC 2018
#@# Make Pial Surf lh Tue Jan 23 21:31:14 UTC 2018
#@# Make Pial Surf rh Tue Jan 23 21:55:28 UTC 2018
#@# Surf Volume lh Tue Jan 23 22:17:16 UTC 2018
#@# Surf Volume rh Tue Jan 23 22:17:21 UTC 2018
#@# Cortical ribbon mask Tue Jan 23 22:17:26 UTC 2018
#@# Parcellation Stats lh Tue Jan 23 22:39:01 UTC 2018
#@# Parcellation Stats rh Tue Jan 23 22:41:00 UTC 2018
#@# Cortical Parc 2 lh Tue Jan 23 22:42:59 UTC 2018
#@# Cortical Parc 2 rh Tue Jan 23 22:43:25 UTC 2018
#@# Parcellation Stats 2 lh Tue Jan 23 22:43:53 UTC 2018
#@# Parcellation Stats 2 rh Tue Jan 23 22:44:51 UTC 2018
#@# Cortical Parc 3 lh Tue Jan 23 22:45:51 UTC 2018
#@# Cortical Parc 3 rh Tue Jan 23 22:46:11 UTC 2018
#@# Parcellation Stats 3 lh Tue Jan 23 22:46:33 UTC 2018
#@# Parcellation Stats 3 rh Tue Jan 23 22:47:29 UTC 2018
#@# WM/GM Contrast lh Tue Jan 23 22:48:26 UTC 2018
#@# WM/GM Contrast rh Tue Jan 23 22:48:36 UTC 2018
#@# Relabel Hypointensities Tue Jan 23 22:48:45 UTC 2018
#@# AParc-to-ASeg aparc Tue Jan 23 22:49:19 UTC 2018
#@# AParc-to-ASeg a2009s Tue Jan 23 22:56:02 UTC 2018
#@# AParc-to-ASeg DKTatlas Tue Jan 23 23:02:55 UTC 2018
#@# APas-to-ASeg Tue Jan 23 23:09:51 UTC 2018
#@# ASeg Stats Tue Jan 23 23:10:01 UTC 2018
#@# WMParc Tue Jan 23 23:15:44 UTC 2018
#@# BA_exvivo Labels lh Tue Jan 23 23:33:09 UTC 2018
#@# BA_exvivo Labels rh Tue Jan 23 23:40:39 UTC 2018
recon-all -s 4012 finished without error at Tue Jan 23 23:48:02 UTC 2018
